<?xml version="1.0" encoding="UTF-8"?>
<testsuite xmlns:xsi="http://www.w3.org/2001/XMLSchema-instance" xsi:noNamespaceSchemaLocation="https://maven.apache.org/surefire/maven-surefire-plugin/xsd/surefire-test-report-3.0.xsd" version="3.0" name="ReportAnalyzerTest" time="0.089" tests="6" errors="0" skipped="0" failures="0">
  <properties>
[...]
</properties>
  <testcase name="testExampleUnsafeEqualValues" classname="ReportAnalyzerTest" time="0.042"/>
  <testcase name="testExampleUnsafeDecreaseTooLarge" classname="ReportAnalyzerTest" time="0.002"/>
  <testcase name="testExampleUnsafeDirectionChange" classname="ReportAnalyzerTest" time="0.002"/>
  <testcase name="testExampleSafeIncreasing" classname="ReportAnalyzerTest" time="0.002"/>
  <testcase name="testExampleUnsafeBigJump" classname="ReportAnalyzerTest" time="0.002"/>
  <testcase name="testExampleSafe" classname="ReportAnalyzerTest" time="0.001"/>
</testsuite>